<?xml version="1.0" encoding="UTF-8"?>
<!-- Generated by org.testng.reporters.JUnitReportReporter -->
<testsuite skipped="0" hostname="Admin-PC" name="AllTests.WishListTest_1" tests="9" failures="1" timestamp="25 Oct 2022 14:46:53 GMT" time="107.559" errors="0">
  <testcase name="verifyWishListButton_1" time="9.278" classname="AllTests.WishListTest_1"/>
  <testcase name="verifyWishListButtonForAllCamera_6" time="11.820" classname="AllTests.WishListTest_1"/>
  <testcase name="verifyAddWishButtonForDesktops_2" time="11.211" classname="AllTests.WishListTest_1"/>
  <testcase name="verifycheckAddWishButtonForLaptops_7" time="11.820" classname="AllTests.WishListTest_1"/>
  <testcase name="verifyWishListButtonForAllDesktops_4" time="10.521" classname="AllTests.WishListTest_1"/>
  <testcase name="verifyWishListButtonForAllLaptopsAndNotebooks_5" time="11.990" classname="AllTests.WishListTest_1"/>
  <testcase name="verifycheckAddWishButtonForCameraFailTrial_9" time="11.409" classname="AllTests.WishListTest_1">
    <failure type="java.lang.AssertionError" message="expected [true] but found [false]">
      <![CDATA[java.lang.AssertionError: expected [true] but found [false]
at org.testng.Assert.fail(Assert.java:96)
at org.testng.Assert.failNotEquals(Assert.java:776)
at org.testng.Assert.assertTrue(Assert.java:44)
at org.testng.Assert.assertTrue(Assert.java:54)
at AllTests.WishListTest_1.verifycheckAddWishButtonForCameraFailTrial_9(WishListTest_1.java:86)
at sun.reflect.NativeMethodAccessorImpl.invoke0(Native Method)
at sun.reflect.NativeMethodAccessorImpl.invoke(NativeMethodAccessorImpl.java:62)
at sun.reflect.DelegatingMethodAccessorImpl.invoke(DelegatingMethodAccessorImpl.java:43)
at java.lang.reflect.Method.invoke(Method.java:498)
at org.testng.internal.MethodInvocationHelper.invokeMethod(MethodInvocationHelper.java:124)
at org.testng.internal.Invoker.invokeMethod(Invoker.java:583)
at org.testng.internal.Invoker.invokeTestMethod(Invoker.java:719)
at org.testng.internal.Invoker.invokeTestMethods(Invoker.java:989)
at org.testng.internal.TestMethodWorker.invokeTestMethods(TestMethodWorker.java:125)
at org.testng.internal.TestMethodWorker.run(TestMethodWorker.java:109)
at org.testng.TestRunner.privateRun(TestRunner.java:648)
at org.testng.TestRunner.run(TestRunner.java:505)
at org.testng.SuiteRunner.runTest(SuiteRunner.java:455)
at org.testng.SuiteRunner.runSequentially(SuiteRunner.java:450)
at org.testng.SuiteRunner.privateRun(SuiteRunner.java:415)
at org.testng.SuiteRunner.run(SuiteRunner.java:364)
at org.testng.SuiteRunnerWorker.runSuite(SuiteRunnerWorker.java:52)
at org.testng.SuiteRunnerWorker.run(SuiteRunnerWorker.java:84)
at org.testng.TestNG.runSuitesSequentially(TestNG.java:1208)
at org.testng.TestNG.runSuitesLocally(TestNG.java:1137)
at org.testng.TestNG.runSuites(TestNG.java:1049)
at org.testng.TestNG.run(TestNG.java:1017)
at org.testng.remote.AbstractRemoteTestNG.run(AbstractRemoteTestNG.java:115)
at org.testng.remote.RemoteTestNG.initAndRun(RemoteTestNG.java:251)
at org.testng.remote.RemoteTestNG.main(RemoteTestNG.java:77)
]]>
    </failure>
  </testcase> <!-- verifycheckAddWishButtonForCameraFailTrial_9 -->
  <testcase name="verifyMultipalAddWishButton_3" time="17.807" classname="AllTests.WishListTest_1"/>
  <testcase name="verifycheckAddWishButtonForCamera_8" time="11.703" classname="AllTests.WishListTest_1"/>
</testsuite> <!-- AllTests.WishListTest_1 -->
