<?xml version="1.0" encoding="UTF-8"?>
<testng-results skipped="0" failed="1" ignored="0" total="9" passed="8">
  <reporter-output>
  </reporter-output>
  <suite name="Default suite" duration-ms="107672" started-at="2022-10-25T14:45:05Z" finished-at="2022-10-25T14:46:53Z">
    <groups>
    </groups>
    <test name="Default test" duration-ms="107672" started-at="2022-10-25T14:45:05Z" finished-at="2022-10-25T14:46:53Z">
      <class name="AllTests.WishListTest_1">
        <test-method status="PASS" signature="setUp()[pri:0, instance:AllTests.WishListTest_1@d706f19]" name="setUp" is-config="true" duration-ms="10041" started-at="2022-10-25T14:45:06Z" finished-at="2022-10-25T14:45:16Z">
          <reporter-output>
          </reporter-output>
        </test-method> <!-- setUp -->
        <test-method status="PASS" signature="verifyWishListButton_1()[pri:0, instance:AllTests.WishListTest_1@d706f19]" name="verifyWishListButton_1" duration-ms="707" started-at="2022-10-25T14:45:16Z" finished-at="2022-10-25T14:45:16Z">
          <reporter-output>
          </reporter-output>
        </test-method> <!-- verifyWishListButton_1 -->
        <test-method status="PASS" signature="tearDown()[pri:0, instance:AllTests.WishListTest_1@d706f19]" name="tearDown" is-config="true" duration-ms="2392" started-at="2022-10-25T14:45:16Z" finished-at="2022-10-25T14:45:19Z">
          <reporter-output>
          </reporter-output>
        </test-method> <!-- tearDown -->
        <test-method status="PASS" signature="setUp()[pri:0, instance:AllTests.WishListTest_1@d706f19]" name="setUp" is-config="true" duration-ms="7622" started-at="2022-10-25T14:45:19Z" finished-at="2022-10-25T14:45:26Z">
          <reporter-output>
          </reporter-output>
        </test-method> <!-- setUp -->
        <test-method status="PASS" signature="verifyAddWishButtonForDesktops_2()[pri:0, instance:AllTests.WishListTest_1@d706f19]" name="verifyAddWishButtonForDesktops_2" duration-ms="2079" started-at="2022-10-25T14:45:26Z" depends-on-methods="AllTests.WishListTest_1.verifyWishListButton_1" finished-at="2022-10-25T14:45:28Z">
          <reporter-output>
          </reporter-output>
        </test-method> <!-- verifyAddWishButtonForDesktops_2 -->
        <test-method status="PASS" signature="tearDown()[pri:0, instance:AllTests.WishListTest_1@d706f19]" name="tearDown" is-config="true" duration-ms="2643" started-at="2022-10-25T14:45:28Z" finished-at="2022-10-25T14:45:31Z">
          <reporter-output>
          </reporter-output>
        </test-method> <!-- tearDown -->
        <test-method status="PASS" signature="setUp()[pri:0, instance:AllTests.WishListTest_1@d706f19]" name="setUp" is-config="true" duration-ms="6251" started-at="2022-10-25T14:45:31Z" finished-at="2022-10-25T14:45:37Z">
          <reporter-output>
          </reporter-output>
        </test-method> <!-- setUp -->
        <test-method status="PASS" signature="verifyMultipalAddWishButton_3()[pri:0, instance:AllTests.WishListTest_1@d706f19]" name="verifyMultipalAddWishButton_3" duration-ms="5443" started-at="2022-10-25T14:45:37Z" depends-on-methods="AllTests.WishListTest_1.verifyAddWishButtonForDesktops_2" finished-at="2022-10-25T14:45:43Z">
          <reporter-output>
          </reporter-output>
        </test-method> <!-- verifyMultipalAddWishButton_3 -->
        <test-method status="PASS" signature="tearDown()[pri:0, instance:AllTests.WishListTest_1@d706f19]" name="tearDown" is-config="true" duration-ms="2323" started-at="2022-10-25T14:45:43Z" finished-at="2022-10-25T14:45:45Z">
          <reporter-output>
          </reporter-output>
        </test-method> <!-- tearDown -->
        <test-method status="PASS" signature="setUp()[pri:0, instance:AllTests.WishListTest_1@d706f19]" name="setUp" is-config="true" duration-ms="5953" started-at="2022-10-25T14:45:45Z" finished-at="2022-10-25T14:45:51Z">
          <reporter-output>
          </reporter-output>
        </test-method> <!-- setUp -->
        <test-method status="PASS" signature="verifyWishListButtonForAllDesktops_4()[pri:0, instance:AllTests.WishListTest_1@d706f19]" name="verifyWishListButtonForAllDesktops_4" duration-ms="1957" started-at="2022-10-25T14:45:51Z" depends-on-methods="AllTests.WishListTest_1.verifyMultipalAddWishButton_3" finished-at="2022-10-25T14:45:53Z">
          <reporter-output>
          </reporter-output>
        </test-method> <!-- verifyWishListButtonForAllDesktops_4 -->
        <test-method status="PASS" signature="tearDown()[pri:0, instance:AllTests.WishListTest_1@d706f19]" name="tearDown" is-config="true" duration-ms="2611" started-at="2022-10-25T14:45:53Z" finished-at="2022-10-25T14:45:56Z">
          <reporter-output>
          </reporter-output>
        </test-method> <!-- tearDown -->
        <test-method status="PASS" signature="setUp()[pri:0, instance:AllTests.WishListTest_1@d706f19]" name="setUp" is-config="true" duration-ms="7319" started-at="2022-10-25T14:45:56Z" finished-at="2022-10-25T14:46:03Z">
          <reporter-output>
          </reporter-output>
        </test-method> <!-- setUp -->
        <test-method status="PASS" signature="verifyWishListButtonForAllLaptopsAndNotebooks_5()[pri:0, instance:AllTests.WishListTest_1@d706f19]" name="verifyWishListButtonForAllLaptopsAndNotebooks_5" duration-ms="1762" started-at="2022-10-25T14:46:03Z" depends-on-methods="AllTests.WishListTest_1.verifyWishListButtonForAllDesktops_4" finished-at="2022-10-25T14:46:05Z">
          <reporter-output>
          </reporter-output>
        </test-method> <!-- verifyWishListButtonForAllLaptopsAndNotebooks_5 -->
        <test-method status="PASS" signature="tearDown()[pri:0, instance:AllTests.WishListTest_1@d706f19]" name="tearDown" is-config="true" duration-ms="3614" started-at="2022-10-25T14:46:05Z" finished-at="2022-10-25T14:46:08Z">
          <reporter-output>
          </reporter-output>
        </test-method> <!-- tearDown -->
        <test-method status="PASS" signature="setUp()[pri:0, instance:AllTests.WishListTest_1@d706f19]" name="setUp" is-config="true" duration-ms="6614" started-at="2022-10-25T14:46:08Z" finished-at="2022-10-25T14:46:15Z">
          <reporter-output>
          </reporter-output>
        </test-method> <!-- setUp -->
        <test-method status="PASS" signature="verifyWishListButtonForAllCamera_6()[pri:0, instance:AllTests.WishListTest_1@d706f19]" name="verifyWishListButtonForAllCamera_6" duration-ms="2073" started-at="2022-10-25T14:46:15Z" depends-on-methods="AllTests.WishListTest_1.verifyWishListButtonForAllLaptopsAndNotebooks_5" finished-at="2022-10-25T14:46:17Z">
          <reporter-output>
          </reporter-output>
        </test-method> <!-- verifyWishListButtonForAllCamera_6 -->
        <test-method status="PASS" signature="tearDown()[pri:0, instance:AllTests.WishListTest_1@d706f19]" name="tearDown" is-config="true" duration-ms="2552" started-at="2022-10-25T14:46:17Z" finished-at="2022-10-25T14:46:20Z">
          <reporter-output>
          </reporter-output>
        </test-method> <!-- tearDown -->
        <test-method status="PASS" signature="setUp()[pri:0, instance:AllTests.WishListTest_1@d706f19]" name="setUp" is-config="true" duration-ms="7104" started-at="2022-10-25T14:46:20Z" finished-at="2022-10-25T14:46:27Z">
          <reporter-output>
          </reporter-output>
        </test-method> <!-- setUp -->
        <test-method status="PASS" signature="verifycheckAddWishButtonForLaptops_7()[pri:0, instance:AllTests.WishListTest_1@d706f19]" name="verifycheckAddWishButtonForLaptops_7" duration-ms="1949" started-at="2022-10-25T14:46:27Z" depends-on-methods="AllTests.WishListTest_1.verifyWishListButtonForAllCamera_6" finished-at="2022-10-25T14:46:29Z">
          <reporter-output>
          </reporter-output>
        </test-method> <!-- verifycheckAddWishButtonForLaptops_7 -->
        <test-method status="PASS" signature="tearDown()[pri:0, instance:AllTests.WishListTest_1@d706f19]" name="tearDown" is-config="true" duration-ms="2177" started-at="2022-10-25T14:46:29Z" finished-at="2022-10-25T14:46:31Z">
          <reporter-output>
          </reporter-output>
        </test-method> <!-- tearDown -->
        <test-method status="PASS" signature="setUp()[pri:0, instance:AllTests.WishListTest_1@d706f19]" name="setUp" is-config="true" duration-ms="6938" started-at="2022-10-25T14:46:31Z" finished-at="2022-10-25T14:46:38Z">
          <reporter-output>
          </reporter-output>
        </test-method> <!-- setUp -->
        <test-method status="PASS" signature="verifycheckAddWishButtonForCamera_8()[pri:0, instance:AllTests.WishListTest_1@d706f19]" name="verifycheckAddWishButtonForCamera_8" duration-ms="1904" started-at="2022-10-25T14:46:38Z" depends-on-methods="AllTests.WishListTest_1.verifycheckAddWishButtonForLaptops_7" finished-at="2022-10-25T14:46:40Z">
          <reporter-output>
          </reporter-output>
        </test-method> <!-- verifycheckAddWishButtonForCamera_8 -->
        <test-method status="PASS" signature="tearDown()[pri:0, instance:AllTests.WishListTest_1@d706f19]" name="tearDown" is-config="true" duration-ms="2320" started-at="2022-10-25T14:46:40Z" finished-at="2022-10-25T14:46:42Z">
          <reporter-output>
          </reporter-output>
        </test-method> <!-- tearDown -->
        <test-method status="PASS" signature="setUp()[pri:0, instance:AllTests.WishListTest_1@d706f19]" name="setUp" is-config="true" duration-ms="6740" started-at="2022-10-25T14:46:42Z" finished-at="2022-10-25T14:46:49Z">
          <reporter-output>
          </reporter-output>
        </test-method> <!-- setUp -->
        <test-method status="FAIL" signature="verifycheckAddWishButtonForCameraFailTrial_9()[pri:0, instance:AllTests.WishListTest_1@d706f19]" name="verifycheckAddWishButtonForCameraFailTrial_9" duration-ms="2204" started-at="2022-10-25T14:46:49Z" depends-on-methods="AllTests.WishListTest_1.verifycheckAddWishButtonForCamera_8" finished-at="2022-10-25T14:46:51Z">
          <exception class="java.lang.AssertionError">
            <message>
              <![CDATA[expected [true] but found [false]]]>
            </message>
            <full-stacktrace>
              <![CDATA[java.lang.AssertionError: expected [true] but found [false]
at org.testng.Assert.fail(Assert.java:96)
at org.testng.Assert.failNotEquals(Assert.java:776)
at org.testng.Assert.assertTrue(Assert.java:44)
at org.testng.Assert.assertTrue(Assert.java:54)
at AllTests.WishListTest_1.verifycheckAddWishButtonForCameraFailTrial_9(WishListTest_1.java:86)
at sun.reflect.NativeMethodAccessorImpl.invoke0(Native Method)
at sun.reflect.NativeMethodAccessorImpl.invoke(NativeMethodAccessorImpl.java:62)
at sun.reflect.DelegatingMethodAccessorImpl.invoke(DelegatingMethodAccessorImpl.java:43)
at java.lang.reflect.Method.invoke(Method.java:498)
at org.testng.internal.MethodInvocationHelper.invokeMethod(MethodInvocationHelper.java:124)
at org.testng.internal.Invoker.invokeMethod(Invoker.java:583)
at org.testng.internal.Invoker.invokeTestMethod(Invoker.java:719)
at org.testng.internal.Invoker.invokeTestMethods(Invoker.java:989)
at org.testng.internal.TestMethodWorker.invokeTestMethods(TestMethodWorker.java:125)
at org.testng.internal.TestMethodWorker.run(TestMethodWorker.java:109)
at org.testng.TestRunner.privateRun(TestRunner.java:648)
at org.testng.TestRunner.run(TestRunner.java:505)
at org.testng.SuiteRunner.runTest(SuiteRunner.java:455)
at org.testng.SuiteRunner.runSequentially(SuiteRunner.java:450)
at org.testng.SuiteRunner.privateRun(SuiteRunner.java:415)
at org.testng.SuiteRunner.run(SuiteRunner.java:364)
at org.testng.SuiteRunnerWorker.runSuite(SuiteRunnerWorker.java:52)
at org.testng.SuiteRunnerWorker.run(SuiteRunnerWorker.java:84)
at org.testng.TestNG.runSuitesSequentially(TestNG.java:1208)
at org.testng.TestNG.runSuitesLocally(TestNG.java:1137)
at org.testng.TestNG.runSuites(TestNG.java:1049)
at org.testng.TestNG.run(TestNG.java:1017)
at org.testng.remote.AbstractRemoteTestNG.run(AbstractRemoteTestNG.java:115)
at org.testng.remote.RemoteTestNG.initAndRun(RemoteTestNG.java:251)
at org.testng.remote.RemoteTestNG.main(RemoteTestNG.java:77)
]]>
            </full-stacktrace>
          </exception> <!-- java.lang.AssertionError -->
          <reporter-output>
          </reporter-output>
        </test-method> <!-- verifycheckAddWishButtonForCameraFailTrial_9 -->
        <test-method status="PASS" signature="tearDown()[pri:0, instance:AllTests.WishListTest_1@d706f19]" name="tearDown" is-config="true" duration-ms="2267" started-at="2022-10-25T14:46:51Z" finished-at="2022-10-25T14:46:53Z">
          <reporter-output>
          </reporter-output>
        </test-method> <!-- tearDown -->
      </class> <!-- AllTests.WishListTest_1 -->
    </test> <!-- Default test -->
  </suite> <!-- Default suite -->
</testng-results>
